[debug] ----------------------------------------------------------------------
[debug] Command:      /usr/bin/nodejs /home/david/projects/Dark-Space-Project/node_modules/.bin/firebase deploy
[debug] Platform:     linux
[debug] Node Version: v4.2.5
[debug] Time:         Thu Feb 04 2016 17:09:05 GMT+0100 (CET)
[debug] ----------------------------------------------------------------------
[debug] 
[debug] >>> HTTP REQUEST GET https://admin.firebase.com/firebase/dark-space-project/token?token=XXX 
[debug] <<< HTTP RESPONSE 200
[debug] >>> HTTP REQUEST GET https://admin.firebase.com/firebase/dark-space-project/token?token=XXX 
[debug] <<< HTTP RESPONSE 200
[info] 
[info] === Deploying to 'dark-space-project'...
[info] 
[info] i  deploying hosting
[info] i  preparing dist directory for upload...
[debug] >>> HTTP REQUEST PUT https://deploy.firebase.com/firebase/dark-space-project/uploads/-K9h1pUFbWFHQS7psM0w?token=XXX&fileCount=3&message= 
[debug] TypeError: Cannot read property 'error' of undefined
    at Request._callback (/home/david/projects/Dark-Space-Project/node_modules/firebase-tools/lib/api.js:31:22)
    at Request.self.callback (/home/david/projects/Dark-Space-Project/node_modules/firebase-tools/node_modules/request/request.js:198:22)
    at emitTwo (events.js:87:13)
    at Request.emit (events.js:172:7)
    at Request.<anonymous> (/home/david/projects/Dark-Space-Project/node_modules/firebase-tools/node_modules/request/request.js:1035:10)
    at emitOne (events.js:82:20)
    at Request.emit (events.js:169:7)
    at IncomingMessage.<anonymous> (/home/david/projects/Dark-Space-Project/node_modules/firebase-tools/node_modules/request/request.js:962:12)
    at emitNone (events.js:72:20)
    at IncomingMessage.emit (events.js:166:7)
[error] 
[error] Error: An unexpected error has occurred.
[error] 
[error] Error: File upload failed: The request timed out.
[debug] Error Context: {
  "duration": 120038,
  "fileCount": 0,
  "ip": "95.22.71.190",
  "start": 1454602153808,
  "status": "failed",
  "statusMessage": "The request timed out.",
  "uid": "-K7k1KAg14YuTS6iqTwF",
  "uploadedCount": 0
}
